-- Found ament_cmake: 0.9.12 (/opt/ros/foxy/share/ament_cmake/cmake)
-- Using PYTHON_EXECUTABLE: /usr/bin/python3
-- Found rclcpp: 2.4.3 (/opt/ros/foxy/share/rclcpp/cmake)
-- Using all available rosidl_typesupport_c: rosidl_typesupport_fastrtps_c;rosidl_typesupport_introspection_c
-- Found rosidl_adapter: 1.3.1 (/opt/ros/foxy/share/rosidl_adapter/cmake)
-- Using all available rosidl_typesupport_cpp: rosidl_typesupport_fastrtps_cpp;rosidl_typesupport_introspection_cpp
-- Found rmw_implementation_cmake: 1.0.4 (/opt/ros/foxy/share/rmw_implementation_cmake/cmake)
-- Using RMW implementation 'rmw_fastrtps_cpp' as default
-- Found ament_lint_auto: 0.9.8 (/opt/ros/foxy/share/ament_lint_auto/cmake)
-- Added test 'copyright' to check source files copyright and LICENSE
-- Added test 'cppcheck' to perform static code analysis on C / C++ code
-- Configured cppcheck include dirs: 
-- Configured cppcheck exclude dirs and/or files: 
-- Added test 'cpplint' to check C / C++ code against the Google style
-- Configured cpplint exclude dirs and/or files: 
-- Added test 'flake8' to check Python code syntax and style conventions
-- Added test 'lint_cmake' to check CMake code style
-- Added test 'pep257' to check Python code against some of the style conventions in PEP 257
-- Added test 'uncrustify' to check C / C++ code style
-- Configured uncrustify additional arguments: 
-- Added test 'xmllint' to check XML markup files
-- Configuring done
-- Generating done
-- Build files have been written to: /home/usuario/Documentos/GitHub/IR2117/minmax/build/minmax
[35m[1mScanning dependencies of target min[0m
[35m[1mScanning dependencies of target max[0m
[ 25%] [32mBuilding CXX object CMakeFiles/min.dir/src/min.cpp.o[0m
[ 50%] [32mBuilding CXX object CMakeFiles/max.dir/src/max.cpp.o[0m
[ 75%] [32m[1mLinking CXX executable max[0m
[100%] [32m[1mLinking CXX executable min[0m
[100%] Built target max
[100%] Built target min
-- Install configuration: ""
-- Installing: /home/usuario/Documentos/GitHub/IR2117/minmax/install/minmax/lib/minmax/min
-- Set runtime path of "/home/usuario/Documentos/GitHub/IR2117/minmax/install/minmax/lib/minmax/min" to ""
-- Installing: /home/usuario/Documentos/GitHub/IR2117/minmax/install/minmax/lib/minmax/max
-- Set runtime path of "/home/usuario/Documentos/GitHub/IR2117/minmax/install/minmax/lib/minmax/max" to ""
-- Up-to-date: /home/usuario/Documentos/GitHub/IR2117/minmax/install/minmax/share/ament_index/resource_index/package_run_dependencies/minmax
-- Up-to-date: /home/usuario/Documentos/GitHub/IR2117/minmax/install/minmax/share/ament_index/resource_index/parent_prefix_path/minmax
-- Up-to-date: /home/usuario/Documentos/GitHub/IR2117/minmax/install/minmax/share/minmax/environment/ament_prefix_path.sh
-- Installing: /home/usuario/Documentos/GitHub/IR2117/minmax/install/minmax/share/minmax/environment/ament_prefix_path.dsv
-- Up-to-date: /home/usuario/Documentos/GitHub/IR2117/minmax/install/minmax/share/minmax/environment/path.sh
-- Installing: /home/usuario/Documentos/GitHub/IR2117/minmax/install/minmax/share/minmax/environment/path.dsv
-- Up-to-date: /home/usuario/Documentos/GitHub/IR2117/minmax/install/minmax/share/minmax/local_setup.bash
-- Up-to-date: /home/usuario/Documentos/GitHub/IR2117/minmax/install/minmax/share/minmax/local_setup.sh
-- Up-to-date: /home/usuario/Documentos/GitHub/IR2117/minmax/install/minmax/share/minmax/local_setup.zsh
-- Installing: /home/usuario/Documentos/GitHub/IR2117/minmax/install/minmax/share/minmax/local_setup.dsv
-- Installing: /home/usuario/Documentos/GitHub/IR2117/minmax/install/minmax/share/minmax/package.dsv
-- Up-to-date: /home/usuario/Documentos/GitHub/IR2117/minmax/install/minmax/share/ament_index/resource_index/packages/minmax
-- Up-to-date: /home/usuario/Documentos/GitHub/IR2117/minmax/install/minmax/share/minmax/cmake/minmaxConfig.cmake
-- Up-to-date: /home/usuario/Documentos/GitHub/IR2117/minmax/install/minmax/share/minmax/cmake/minmaxConfig-version.cmake
-- Up-to-date: /home/usuario/Documentos/GitHub/IR2117/minmax/install/minmax/share/minmax/package.xml
