[0.253s] Invoking command in '/home/usuario/Documentos/GitHub/IR2117/minmax/build/minmax': CMAKE_PREFIX_PATH=${CMAKE_PREFIX_PATH}:/opt/ros/foxy /usr/bin/cmake --build /home/usuario/Documentos/GitHub/IR2117/minmax/build/minmax -- -j4 -l4
[0.277s] -- Found ament_cmake: 0.9.12 (/opt/ros/foxy/share/ament_cmake/cmake)
[0.301s] -- Using PYTHON_EXECUTABLE: /usr/bin/python3
[0.509s] -- Found rclcpp: 2.4.3 (/opt/ros/foxy/share/rclcpp/cmake)
[0.545s] -- Using all available rosidl_typesupport_c: rosidl_typesupport_fastrtps_c;rosidl_typesupport_introspection_c
[0.549s] -- Found rosidl_adapter: 1.3.1 (/opt/ros/foxy/share/rosidl_adapter/cmake)
[0.679s] -- Using all available rosidl_typesupport_cpp: rosidl_typesupport_fastrtps_cpp;rosidl_typesupport_introspection_cpp
[0.730s] -- Found rmw_implementation_cmake: 1.0.4 (/opt/ros/foxy/share/rmw_implementation_cmake/cmake)
[0.731s] -- Using RMW implementation 'rmw_fastrtps_cpp' as default
[0.887s] -- Found ament_lint_auto: 0.9.8 (/opt/ros/foxy/share/ament_lint_auto/cmake)
[0.955s] -- Added test 'copyright' to check source files copyright and LICENSE
[0.966s] -- Added test 'cppcheck' to perform static code analysis on C / C++ code
[0.966s] -- Configured cppcheck include dirs: 
[0.966s] -- Configured cppcheck exclude dirs and/or files: 
[0.977s] -- Added test 'cpplint' to check C / C++ code against the Google style
[0.977s] -- Configured cpplint exclude dirs and/or files: 
[0.979s] -- Added test 'flake8' to check Python code syntax and style conventions
[0.982s] -- Added test 'lint_cmake' to check CMake code style
[0.984s] -- Added test 'pep257' to check Python code against some of the style conventions in PEP 257
[0.995s] -- Added test 'uncrustify' to check C / C++ code style
[0.995s] -- Configured uncrustify additional arguments: 
[0.996s] -- Added test 'xmllint' to check XML markup files
[1.001s] -- Configuring done
[1.014s] -- Generating done
[1.016s] -- Build files have been written to: /home/usuario/Documentos/GitHub/IR2117/minmax/build/minmax
[1.042s] [35m[1mScanning dependencies of target min[0m
[1.042s] [35m[1mScanning dependencies of target max[0m
[1.068s] [ 25%] [32mBuilding CXX object CMakeFiles/min.dir/src/min.cpp.o[0m
[1.080s] [ 50%] [32mBuilding CXX object CMakeFiles/max.dir/src/max.cpp.o[0m
[6.039s] [ 75%] [32m[1mLinking CXX executable max[0m
[6.083s] [100%] [32m[1mLinking CXX executable min[0m
[6.499s] [100%] Built target max
[6.539s] [100%] Built target min
[6.549s] Invoked command in '/home/usuario/Documentos/GitHub/IR2117/minmax/build/minmax' returned '0': CMAKE_PREFIX_PATH=${CMAKE_PREFIX_PATH}:/opt/ros/foxy /usr/bin/cmake --build /home/usuario/Documentos/GitHub/IR2117/minmax/build/minmax -- -j4 -l4
[6.584s] Invoking command in '/home/usuario/Documentos/GitHub/IR2117/minmax/build/minmax': CMAKE_PREFIX_PATH=${CMAKE_PREFIX_PATH}:/opt/ros/foxy /usr/bin/cmake --install /home/usuario/Documentos/GitHub/IR2117/minmax/build/minmax
[6.592s] -- Install configuration: ""
[6.592s] -- Installing: /home/usuario/Documentos/GitHub/IR2117/minmax/install/minmax/lib/minmax/min
[6.594s] -- Set runtime path of "/home/usuario/Documentos/GitHub/IR2117/minmax/install/minmax/lib/minmax/min" to ""
[6.594s] -- Installing: /home/usuario/Documentos/GitHub/IR2117/minmax/install/minmax/lib/minmax/max
[6.596s] -- Set runtime path of "/home/usuario/Documentos/GitHub/IR2117/minmax/install/minmax/lib/minmax/max" to ""
[6.596s] -- Up-to-date: /home/usuario/Documentos/GitHub/IR2117/minmax/install/minmax/share/ament_index/resource_index/package_run_dependencies/minmax
[6.596s] -- Up-to-date: /home/usuario/Documentos/GitHub/IR2117/minmax/install/minmax/share/ament_index/resource_index/parent_prefix_path/minmax
[6.596s] -- Up-to-date: /home/usuario/Documentos/GitHub/IR2117/minmax/install/minmax/share/minmax/environment/ament_prefix_path.sh
[6.596s] -- Installing: /home/usuario/Documentos/GitHub/IR2117/minmax/install/minmax/share/minmax/environment/ament_prefix_path.dsv
[6.597s] -- Up-to-date: /home/usuario/Documentos/GitHub/IR2117/minmax/install/minmax/share/minmax/environment/path.sh
[6.597s] -- Installing: /home/usuario/Documentos/GitHub/IR2117/minmax/install/minmax/share/minmax/environment/path.dsv
[6.598s] -- Up-to-date: /home/usuario/Documentos/GitHub/IR2117/minmax/install/minmax/share/minmax/local_setup.bash
[6.598s] -- Up-to-date: /home/usuario/Documentos/GitHub/IR2117/minmax/install/minmax/share/minmax/local_setup.sh
[6.598s] -- Up-to-date: /home/usuario/Documentos/GitHub/IR2117/minmax/install/minmax/share/minmax/local_setup.zsh
[6.598s] -- Installing: /home/usuario/Documentos/GitHub/IR2117/minmax/install/minmax/share/minmax/local_setup.dsv
[6.598s] -- Installing: /home/usuario/Documentos/GitHub/IR2117/minmax/install/minmax/share/minmax/package.dsv
[6.599s] -- Up-to-date: /home/usuario/Documentos/GitHub/IR2117/minmax/install/minmax/share/ament_index/resource_index/packages/minmax
[6.599s] -- Up-to-date: /home/usuario/Documentos/GitHub/IR2117/minmax/install/minmax/share/minmax/cmake/minmaxConfig.cmake
[6.599s] -- Up-to-date: /home/usuario/Documentos/GitHub/IR2117/minmax/install/minmax/share/minmax/cmake/minmaxConfig-version.cmake
[6.599s] -- Up-to-date: /home/usuario/Documentos/GitHub/IR2117/minmax/install/minmax/share/minmax/package.xml
[6.601s] Invoked command in '/home/usuario/Documentos/GitHub/IR2117/minmax/build/minmax' returned '0': CMAKE_PREFIX_PATH=${CMAKE_PREFIX_PATH}:/opt/ros/foxy /usr/bin/cmake --install /home/usuario/Documentos/GitHub/IR2117/minmax/build/minmax
