[3.275s] DEBUG:colcon:Command line arguments: ['/usr/bin/colcon', 'build', '--packages-select', 'max']
[3.275s] DEBUG:colcon:Parsed command line arguments: Namespace(allow_overriding=[], ament_cmake_args=None, base_paths=['.'], build_base='build', catkin_cmake_args=None, catkin_skip_building_tests=False, cmake_args=None, cmake_clean_cache=False, cmake_clean_first=False, cmake_force_configure=False, cmake_target=None, cmake_target_skip_unavailable=False, continue_on_error=False, event_handlers=None, executor='parallel', ignore_user_meta=False, install_base='install', log_base=None, log_level=None, main=<bound method BuildVerb.main of <colcon_core.verb.build.BuildVerb object at 0x7fa848a40580>>, merge_install=False, metas=['./colcon.meta'], packages_above=None, packages_above_and_dependencies=None, packages_above_depth=None, packages_end=None, packages_ignore=None, packages_ignore_regex=None, packages_select=['max'], packages_select_build_failed=False, packages_select_by_dep=None, packages_select_regex=None, packages_select_test_failures=False, packages_skip=None, packages_skip_build_finished=False, packages_skip_by_dep=None, packages_skip_regex=None, packages_skip_test_passed=False, packages_skip_up_to=None, packages_start=None, packages_up_to=None, packages_up_to_regex=None, parallel_workers=4, paths=None, symlink_install=False, test_result_base=None, verb_extension=<colcon_core.verb.build.BuildVerb object at 0x7fa848a40580>, verb_name='build', verb_parser=<colcon_defaults.argument_parser.defaults.DefaultArgumentsDecorator object at 0x7fa84863c190>)
[3.408s] Level 1:colcon.colcon_core.package_discovery:discover_packages(colcon_meta) check parameters
[3.408s] Level 1:colcon.colcon_core.package_discovery:discover_packages(recursive) check parameters
[3.408s] Level 1:colcon.colcon_core.package_discovery:discover_packages(ignore) check parameters
[3.408s] Level 1:colcon.colcon_core.package_discovery:discover_packages(path) check parameters
[3.408s] Level 1:colcon.colcon_core.package_discovery:discover_packages(colcon_meta) discover
[3.408s] Level 1:colcon.colcon_core.package_discovery:discover_packages(recursive) discover
[3.408s] INFO:colcon.colcon_core.package_discovery:Crawling recursively for packages in '/home/usuario/Documentos/GitHub/IR2117/minmax'
[3.408s] Level 1:colcon.colcon_core.package_identification:_identify(.) by extensions ['ignore', 'ignore_ament_install']
[3.408s] Level 1:colcon.colcon_core.package_identification:_identify(.) by extension 'ignore'
[3.408s] Level 1:colcon.colcon_core.package_identification:_identify(.) by extension 'ignore_ament_install'
[3.409s] Level 1:colcon.colcon_core.package_identification:_identify(.) by extensions ['colcon_pkg']
[3.409s] Level 1:colcon.colcon_core.package_identification:_identify(.) by extension 'colcon_pkg'
[3.409s] Level 1:colcon.colcon_core.package_identification:_identify(.) by extensions ['colcon_meta']
[3.409s] Level 1:colcon.colcon_core.package_identification:_identify(.) by extension 'colcon_meta'
[3.409s] Level 1:colcon.colcon_core.package_identification:_identify(.) by extensions ['ros']
[3.409s] Level 1:colcon.colcon_core.package_identification:_identify(.) by extension 'ros'
[3.422s] DEBUG:colcon.colcon_core.package_identification:Package '.' with type 'ros.ament_cmake' and name 'minmax'
[3.422s] Level 1:colcon.colcon_core.package_discovery:discover_packages(recursive) using defaults
[3.422s] Level 1:colcon.colcon_core.package_discovery:discover_packages(ignore) discover
[3.422s] Level 1:colcon.colcon_core.package_discovery:discover_packages(ignore) using defaults
[3.422s] Level 1:colcon.colcon_core.package_discovery:discover_packages(path) discover
[3.422s] Level 1:colcon.colcon_core.package_discovery:discover_packages(path) using defaults
[3.481s] WARNING:colcon.colcon_core.package_selection:ignoring unknown package 'max' in --packages-select
[3.608s] INFO:colcon.colcon_core.package_selection:Skipping not selected package 'minmax' in '.'
[3.719s] Level 1:colcon.colcon_core.package_discovery:discover_packages(prefix_path) check parameters
[3.719s] Level 1:colcon.colcon_core.package_discovery:discover_packages(prefix_path) discover
[3.847s] DEBUG:colcon.colcon_installed_package_information.package_discovery:Found 1 installed packages in /home/usuario/Documentos/GitHub/IR2117/minmax/install
[3.906s] DEBUG:colcon.colcon_installed_package_information.package_discovery:Found 270 installed packages in /opt/ros/foxy
[3.907s] Level 1:colcon.colcon_core.package_discovery:discover_packages(prefix_path) using defaults
[4.083s] INFO:colcon.colcon_core.executor:Executing jobs using 'parallel' executor
[4.142s] DEBUG:colcon.colcon_parallel_executor.executor.parallel:run_until_complete
[4.142s] DEBUG:colcon.colcon_parallel_executor.executor.parallel:closing loop
[4.142s] DEBUG:colcon.colcon_parallel_executor.executor.parallel:loop closed
[4.142s] DEBUG:colcon.colcon_parallel_executor.executor.parallel:run_until_complete finished with '0'
[4.142s] DEBUG:colcon.colcon_core.event_reactor:joining thread
[4.205s] INFO:colcon.colcon_core.plugin_system:Skipping extension 'colcon_notification.desktop_notification.terminal_notifier': Not used on non-Darwin systems
[4.205s] INFO:colcon.colcon_core.plugin_system:Skipping extension 'colcon_notification.desktop_notification.win32': Not used on non-Windows systems
[4.205s] INFO:colcon.colcon_notification.desktop_notification:Sending desktop notification using 'notify2'
[4.219s] DEBUG:colcon.colcon_core.event_reactor:joined thread
[4.278s] INFO:colcon.colcon_core.plugin_system:Skipping extension 'colcon_core.shell.bat': Not used on non-Windows systems
[4.278s] INFO:colcon.colcon_core.shell:Creating prefix script '/home/usuario/Documentos/GitHub/IR2117/minmax/install/local_setup.ps1'
[4.279s] INFO:colcon.colcon_core.shell:Creating prefix util module '/home/usuario/Documentos/GitHub/IR2117/minmax/install/_local_setup_util_ps1.py'
[4.281s] INFO:colcon.colcon_core.shell:Creating prefix chain script '/home/usuario/Documentos/GitHub/IR2117/minmax/install/setup.ps1'
[4.339s] INFO:colcon.colcon_core.shell:Creating prefix script '/home/usuario/Documentos/GitHub/IR2117/minmax/install/local_setup.sh'
[4.340s] INFO:colcon.colcon_core.shell:Creating prefix util module '/home/usuario/Documentos/GitHub/IR2117/minmax/install/_local_setup_util_sh.py'
[4.340s] INFO:colcon.colcon_core.shell:Creating prefix chain script '/home/usuario/Documentos/GitHub/IR2117/minmax/install/setup.sh'
[4.410s] INFO:colcon.colcon_core.shell:Creating prefix script '/home/usuario/Documentos/GitHub/IR2117/minmax/install/local_setup.bash'
[4.411s] INFO:colcon.colcon_core.shell:Creating prefix chain script '/home/usuario/Documentos/GitHub/IR2117/minmax/install/setup.bash'
[4.469s] INFO:colcon.colcon_core.shell:Creating prefix script '/home/usuario/Documentos/GitHub/IR2117/minmax/install/local_setup.zsh'
[4.470s] INFO:colcon.colcon_core.shell:Creating prefix chain script '/home/usuario/Documentos/GitHub/IR2117/minmax/install/setup.zsh'
