[3.276s] DEBUG:colcon:Command line arguments: ['/usr/bin/colcon', 'build']
[3.276s] DEBUG:colcon:Parsed command line arguments: Namespace(allow_overriding=[], ament_cmake_args=None, base_paths=['.'], build_base='build', catkin_cmake_args=None, catkin_skip_building_tests=False, cmake_args=None, cmake_clean_cache=False, cmake_clean_first=False, cmake_force_configure=False, cmake_target=None, cmake_target_skip_unavailable=False, continue_on_error=False, event_handlers=None, executor='parallel', ignore_user_meta=False, install_base='install', log_base=None, log_level=None, main=<bound method BuildVerb.main of <colcon_core.verb.build.BuildVerb object at 0x7fad504f4580>>, merge_install=False, metas=['./colcon.meta'], packages_above=None, packages_above_and_dependencies=None, packages_above_depth=None, packages_end=None, packages_ignore=None, packages_ignore_regex=None, packages_select=None, packages_select_build_failed=False, packages_select_by_dep=None, packages_select_regex=None, packages_select_test_failures=False, packages_skip=None, packages_skip_build_finished=False, packages_skip_by_dep=None, packages_skip_regex=None, packages_skip_test_passed=False, packages_skip_up_to=None, packages_start=None, packages_up_to=None, packages_up_to_regex=None, parallel_workers=4, paths=None, symlink_install=False, test_result_base=None, verb_extension=<colcon_core.verb.build.BuildVerb object at 0x7fad504f4580>, verb_name='build', verb_parser=<colcon_defaults.argument_parser.defaults.DefaultArgumentsDecorator object at 0x7fad5007c430>)
[3.413s] Level 1:colcon.colcon_core.package_discovery:discover_packages(colcon_meta) check parameters
[3.414s] Level 1:colcon.colcon_core.package_discovery:discover_packages(recursive) check parameters
[3.414s] Level 1:colcon.colcon_core.package_discovery:discover_packages(ignore) check parameters
[3.414s] Level 1:colcon.colcon_core.package_discovery:discover_packages(path) check parameters
[3.414s] Level 1:colcon.colcon_core.package_discovery:discover_packages(colcon_meta) discover
[3.414s] Level 1:colcon.colcon_core.package_discovery:discover_packages(recursive) discover
[3.414s] INFO:colcon.colcon_core.package_discovery:Crawling recursively for packages in '/home/usuario/Documentos/GitHub/IR2117/minmax'
[3.414s] Level 1:colcon.colcon_core.package_identification:_identify(.) by extensions ['ignore', 'ignore_ament_install']
[3.414s] Level 1:colcon.colcon_core.package_identification:_identify(.) by extension 'ignore'
[3.414s] Level 1:colcon.colcon_core.package_identification:_identify(.) by extension 'ignore_ament_install'
[3.414s] Level 1:colcon.colcon_core.package_identification:_identify(.) by extensions ['colcon_pkg']
[3.414s] Level 1:colcon.colcon_core.package_identification:_identify(.) by extension 'colcon_pkg'
[3.414s] Level 1:colcon.colcon_core.package_identification:_identify(.) by extensions ['colcon_meta']
[3.414s] Level 1:colcon.colcon_core.package_identification:_identify(.) by extension 'colcon_meta'
[3.414s] Level 1:colcon.colcon_core.package_identification:_identify(.) by extensions ['ros']
[3.414s] Level 1:colcon.colcon_core.package_identification:_identify(.) by extension 'ros'
[3.428s] DEBUG:colcon.colcon_core.package_identification:Package '.' with type 'ros.ament_cmake' and name 'minmax'
[3.428s] Level 1:colcon.colcon_core.package_discovery:discover_packages(recursive) using defaults
[3.428s] Level 1:colcon.colcon_core.package_discovery:discover_packages(ignore) discover
[3.428s] Level 1:colcon.colcon_core.package_discovery:discover_packages(ignore) using defaults
[3.428s] Level 1:colcon.colcon_core.package_discovery:discover_packages(path) discover
[3.428s] Level 1:colcon.colcon_core.package_discovery:discover_packages(path) using defaults
[3.711s] Level 1:colcon.colcon_core.package_discovery:discover_packages(prefix_path) check parameters
[3.711s] Level 1:colcon.colcon_core.package_discovery:discover_packages(prefix_path) discover
[3.831s] DEBUG:colcon.colcon_installed_package_information.package_discovery:Found 1 installed packages in /home/usuario/Documentos/GitHub/IR2117/minmax/install
[3.888s] DEBUG:colcon.colcon_installed_package_information.package_discovery:Found 270 installed packages in /opt/ros/foxy
[3.889s] Level 1:colcon.colcon_core.package_discovery:discover_packages(prefix_path) using defaults
[4.062s] Level 5:colcon.colcon_core.verb:set package 'minmax' build argument 'cmake_args' from command line to 'None'
[4.062s] Level 5:colcon.colcon_core.verb:set package 'minmax' build argument 'cmake_target' from command line to 'None'
[4.062s] Level 5:colcon.colcon_core.verb:set package 'minmax' build argument 'cmake_target_skip_unavailable' from command line to 'False'
[4.062s] Level 5:colcon.colcon_core.verb:set package 'minmax' build argument 'cmake_clean_cache' from command line to 'False'
[4.062s] Level 5:colcon.colcon_core.verb:set package 'minmax' build argument 'cmake_clean_first' from command line to 'False'
[4.062s] Level 5:colcon.colcon_core.verb:set package 'minmax' build argument 'cmake_force_configure' from command line to 'False'
[4.062s] Level 5:colcon.colcon_core.verb:set package 'minmax' build argument 'ament_cmake_args' from command line to 'None'
[4.062s] Level 5:colcon.colcon_core.verb:set package 'minmax' build argument 'catkin_cmake_args' from command line to 'None'
[4.062s] Level 5:colcon.colcon_core.verb:set package 'minmax' build argument 'catkin_skip_building_tests' from command line to 'False'
[4.062s] DEBUG:colcon.colcon_core.verb:Building package 'minmax' with the following arguments: {'ament_cmake_args': None, 'build_base': '/home/usuario/Documentos/GitHub/IR2117/minmax/build/minmax', 'catkin_cmake_args': None, 'catkin_skip_building_tests': False, 'cmake_args': None, 'cmake_clean_cache': False, 'cmake_clean_first': False, 'cmake_force_configure': False, 'cmake_target': None, 'cmake_target_skip_unavailable': False, 'install_base': '/home/usuario/Documentos/GitHub/IR2117/minmax/install/minmax', 'merge_install': False, 'path': '/home/usuario/Documentos/GitHub/IR2117/minmax', 'symlink_install': False, 'test_result_base': None}
[4.117s] INFO:colcon.colcon_core.executor:Executing jobs using 'parallel' executor
[4.173s] DEBUG:colcon.colcon_parallel_executor.executor.parallel:run_until_complete
[4.173s] INFO:colcon.colcon_ros.task.ament_cmake.build:Building ROS package in '/home/usuario/Documentos/GitHub/IR2117/minmax' with build type 'ament_cmake'
[4.173s] INFO:colcon.colcon_cmake.task.cmake.build:Building CMake package in '/home/usuario/Documentos/GitHub/IR2117/minmax'
[4.231s] INFO:colcon.colcon_core.plugin_system:Skipping extension 'colcon_core.shell.bat': Not used on non-Windows systems
[4.231s] INFO:colcon.colcon_core.shell:Skip shell extension 'powershell' for command environment: Not usable outside of PowerShell
[4.231s] DEBUG:colcon.colcon_core.shell:Skip shell extension 'dsv' for command environment
[4.423s] DEBUG:colcon.colcon_core.event_handler.log_command:Invoking command in '/home/usuario/Documentos/GitHub/IR2117/minmax/build/minmax': CMAKE_PREFIX_PATH=${CMAKE_PREFIX_PATH}:/opt/ros/foxy /usr/bin/cmake --build /home/usuario/Documentos/GitHub/IR2117/minmax/build/minmax -- -j4 -l4
[9.716s] DEBUG:colcon.colcon_core.event_handler.log_command:Invoked command in '/home/usuario/Documentos/GitHub/IR2117/minmax/build/minmax' returned '0': CMAKE_PREFIX_PATH=${CMAKE_PREFIX_PATH}:/opt/ros/foxy /usr/bin/cmake --build /home/usuario/Documentos/GitHub/IR2117/minmax/build/minmax -- -j4 -l4
[9.749s] DEBUG:colcon.colcon_core.event_handler.log_command:Invoking command in '/home/usuario/Documentos/GitHub/IR2117/minmax/build/minmax': CMAKE_PREFIX_PATH=${CMAKE_PREFIX_PATH}:/opt/ros/foxy /usr/bin/cmake --install /home/usuario/Documentos/GitHub/IR2117/minmax/build/minmax
[9.761s] Level 1:colcon.colcon_core.environment:create_environment_scripts_only(minmax)
[9.762s] DEBUG:colcon.colcon_core.event_handler.log_command:Invoked command in '/home/usuario/Documentos/GitHub/IR2117/minmax/build/minmax' returned '0': CMAKE_PREFIX_PATH=${CMAKE_PREFIX_PATH}:/opt/ros/foxy /usr/bin/cmake --install /home/usuario/Documentos/GitHub/IR2117/minmax/build/minmax
[9.822s] Level 1:colcon.colcon_core.environment:checking '/home/usuario/Documentos/GitHub/IR2117/minmax/install/minmax' for CMake module files
[9.822s] Level 1:colcon.colcon_core.environment:checking '/home/usuario/Documentos/GitHub/IR2117/minmax/install/minmax' for CMake config files
[9.822s] Level 1:colcon.colcon_core.shell:create_environment_hook('minmax', 'cmake_prefix_path')
[9.879s] INFO:colcon.colcon_core.shell:Creating environment hook '/home/usuario/Documentos/GitHub/IR2117/minmax/install/minmax/share/minmax/hook/cmake_prefix_path.ps1'
[9.880s] INFO:colcon.colcon_core.shell:Creating environment descriptor '/home/usuario/Documentos/GitHub/IR2117/minmax/install/minmax/share/minmax/hook/cmake_prefix_path.dsv'
[9.880s] INFO:colcon.colcon_core.shell:Creating environment hook '/home/usuario/Documentos/GitHub/IR2117/minmax/install/minmax/share/minmax/hook/cmake_prefix_path.sh'
[9.881s] Level 1:colcon.colcon_core.environment:checking '/home/usuario/Documentos/GitHub/IR2117/minmax/install/minmax/lib'
[9.881s] Level 1:colcon.colcon_core.environment:checking '/home/usuario/Documentos/GitHub/IR2117/minmax/install/minmax/bin'
[9.881s] Level 1:colcon.colcon_core.environment:checking '/home/usuario/Documentos/GitHub/IR2117/minmax/install/minmax/lib/pkgconfig/minmax.pc'
[9.882s] Level 1:colcon.colcon_core.environment:checking '/home/usuario/Documentos/GitHub/IR2117/minmax/install/minmax/lib/python3.8/site-packages'
[9.882s] Level 1:colcon.colcon_core.environment:checking '/home/usuario/Documentos/GitHub/IR2117/minmax/install/minmax/bin'
[9.939s] INFO:colcon.colcon_core.shell:Creating package script '/home/usuario/Documentos/GitHub/IR2117/minmax/install/minmax/share/minmax/package.ps1'
[9.940s] INFO:colcon.colcon_core.shell:Creating package descriptor '/home/usuario/Documentos/GitHub/IR2117/minmax/install/minmax/share/minmax/package.dsv'
[9.940s] INFO:colcon.colcon_core.shell:Creating package script '/home/usuario/Documentos/GitHub/IR2117/minmax/install/minmax/share/minmax/package.sh'
[9.941s] INFO:colcon.colcon_core.shell:Creating package script '/home/usuario/Documentos/GitHub/IR2117/minmax/install/minmax/share/minmax/package.bash'
[9.942s] INFO:colcon.colcon_core.shell:Creating package script '/home/usuario/Documentos/GitHub/IR2117/minmax/install/minmax/share/minmax/package.zsh'
[9.942s] Level 1:colcon.colcon_core.environment:create_file_with_runtime_dependencies(/home/usuario/Documentos/GitHub/IR2117/minmax/install/minmax/share/colcon-core/packages/minmax)
[10.021s] Level 1:colcon.colcon_core.environment:create_environment_scripts_only(minmax)
[10.077s] Level 1:colcon.colcon_core.environment:checking '/home/usuario/Documentos/GitHub/IR2117/minmax/install/minmax' for CMake module files
[10.078s] Level 1:colcon.colcon_core.environment:checking '/home/usuario/Documentos/GitHub/IR2117/minmax/install/minmax' for CMake config files
[10.078s] Level 1:colcon.colcon_core.shell:create_environment_hook('minmax', 'cmake_prefix_path')
[10.134s] INFO:colcon.colcon_core.shell:Creating environment hook '/home/usuario/Documentos/GitHub/IR2117/minmax/install/minmax/share/minmax/hook/cmake_prefix_path.ps1'
[10.135s] INFO:colcon.colcon_core.shell:Creating environment descriptor '/home/usuario/Documentos/GitHub/IR2117/minmax/install/minmax/share/minmax/hook/cmake_prefix_path.dsv'
[10.135s] INFO:colcon.colcon_core.shell:Creating environment hook '/home/usuario/Documentos/GitHub/IR2117/minmax/install/minmax/share/minmax/hook/cmake_prefix_path.sh'
[10.136s] Level 1:colcon.colcon_core.environment:checking '/home/usuario/Documentos/GitHub/IR2117/minmax/install/minmax/lib'
[10.136s] Level 1:colcon.colcon_core.environment:checking '/home/usuario/Documentos/GitHub/IR2117/minmax/install/minmax/bin'
[10.136s] Level 1:colcon.colcon_core.environment:checking '/home/usuario/Documentos/GitHub/IR2117/minmax/install/minmax/lib/pkgconfig/minmax.pc'
[10.136s] Level 1:colcon.colcon_core.environment:checking '/home/usuario/Documentos/GitHub/IR2117/minmax/install/minmax/lib/python3.8/site-packages'
[10.137s] Level 1:colcon.colcon_core.environment:checking '/home/usuario/Documentos/GitHub/IR2117/minmax/install/minmax/bin'
[10.193s] INFO:colcon.colcon_core.shell:Creating package script '/home/usuario/Documentos/GitHub/IR2117/minmax/install/minmax/share/minmax/package.ps1'
[10.194s] INFO:colcon.colcon_core.shell:Creating package descriptor '/home/usuario/Documentos/GitHub/IR2117/minmax/install/minmax/share/minmax/package.dsv'
[10.194s] INFO:colcon.colcon_core.shell:Creating package script '/home/usuario/Documentos/GitHub/IR2117/minmax/install/minmax/share/minmax/package.sh'
[10.195s] INFO:colcon.colcon_core.shell:Creating package script '/home/usuario/Documentos/GitHub/IR2117/minmax/install/minmax/share/minmax/package.bash'
[10.195s] INFO:colcon.colcon_core.shell:Creating package script '/home/usuario/Documentos/GitHub/IR2117/minmax/install/minmax/share/minmax/package.zsh'
[10.195s] Level 1:colcon.colcon_core.environment:create_file_with_runtime_dependencies(/home/usuario/Documentos/GitHub/IR2117/minmax/install/minmax/share/colcon-core/packages/minmax)
[10.196s] DEBUG:colcon.colcon_parallel_executor.executor.parallel:closing loop
[10.196s] DEBUG:colcon.colcon_parallel_executor.executor.parallel:loop closed
[10.196s] DEBUG:colcon.colcon_parallel_executor.executor.parallel:run_until_complete finished with '0'
[10.196s] DEBUG:colcon.colcon_core.event_reactor:joining thread
[10.260s] INFO:colcon.colcon_core.plugin_system:Skipping extension 'colcon_notification.desktop_notification.terminal_notifier': Not used on non-Darwin systems
[10.260s] INFO:colcon.colcon_core.plugin_system:Skipping extension 'colcon_notification.desktop_notification.win32': Not used on non-Windows systems
[10.260s] INFO:colcon.colcon_notification.desktop_notification:Sending desktop notification using 'notify2'
[10.273s] DEBUG:colcon.colcon_core.event_reactor:joined thread
[10.329s] INFO:colcon.colcon_core.shell:Creating prefix script '/home/usuario/Documentos/GitHub/IR2117/minmax/install/local_setup.ps1'
[10.330s] INFO:colcon.colcon_core.shell:Creating prefix util module '/home/usuario/Documentos/GitHub/IR2117/minmax/install/_local_setup_util_ps1.py'
[10.332s] INFO:colcon.colcon_core.shell:Creating prefix chain script '/home/usuario/Documentos/GitHub/IR2117/minmax/install/setup.ps1'
[10.393s] INFO:colcon.colcon_core.shell:Creating prefix script '/home/usuario/Documentos/GitHub/IR2117/minmax/install/local_setup.sh'
[10.394s] INFO:colcon.colcon_core.shell:Creating prefix util module '/home/usuario/Documentos/GitHub/IR2117/minmax/install/_local_setup_util_sh.py'
[10.394s] INFO:colcon.colcon_core.shell:Creating prefix chain script '/home/usuario/Documentos/GitHub/IR2117/minmax/install/setup.sh'
[10.453s] INFO:colcon.colcon_core.shell:Creating prefix script '/home/usuario/Documentos/GitHub/IR2117/minmax/install/local_setup.bash'
[10.454s] INFO:colcon.colcon_core.shell:Creating prefix chain script '/home/usuario/Documentos/GitHub/IR2117/minmax/install/setup.bash'
[10.512s] INFO:colcon.colcon_core.shell:Creating prefix script '/home/usuario/Documentos/GitHub/IR2117/minmax/install/local_setup.zsh'
[10.512s] INFO:colcon.colcon_core.shell:Creating prefix chain script '/home/usuario/Documentos/GitHub/IR2117/minmax/install/setup.zsh'
