[0.191s] Invoking command in '/home/usuario/Documentos/GitHub/IR2117/minmax/build/minmax': CMAKE_PREFIX_PATH=/opt/ros/foxy /usr/bin/cmake /home/usuario/Documentos/GitHub/IR2117/minmax -DCMAKE_INSTALL_PREFIX=/home/usuario/Documentos/GitHub/IR2117/minmax/install/minmax
[0.248s] -- The C compiler identification is GNU 9.4.0
[0.307s] -- The CXX compiler identification is GNU 9.4.0
[0.312s] -- Check for working C compiler: /usr/bin/cc
[0.388s] -- Check for working C compiler: /usr/bin/cc -- works
[0.389s] -- Detecting C compiler ABI info
[0.472s] -- Detecting C compiler ABI info - done
[0.484s] -- Detecting C compile features
[0.484s] -- Detecting C compile features - done
[0.487s] -- Check for working CXX compiler: /usr/bin/c++
[0.581s] -- Check for working CXX compiler: /usr/bin/c++ -- works
[0.582s] -- Detecting CXX compiler ABI info
[0.674s] -- Detecting CXX compiler ABI info - done
[0.686s] -- Detecting CXX compile features
[0.687s] -- Detecting CXX compile features - done
[0.689s] -- Found ament_cmake: 0.9.12 (/opt/ros/foxy/share/ament_cmake/cmake)
[0.715s] -- Found PythonInterp: /usr/bin/python3 (found suitable version "3.8.10", minimum required is "3") 
[0.715s] -- Using PYTHON_EXECUTABLE: /usr/bin/python3
[0.933s] -- Found rclcpp: 2.4.3 (/opt/ros/foxy/share/rclcpp/cmake)
[0.978s] -- Using all available rosidl_typesupport_c: rosidl_typesupport_fastrtps_c;rosidl_typesupport_introspection_c
[0.984s] -- Found rosidl_adapter: 1.3.1 (/opt/ros/foxy/share/rosidl_adapter/cmake)
[1.060s] -- Found OpenSSL: /usr/lib/x86_64-linux-gnu/libcrypto.so (found version "1.1.1f")  
[1.093s] -- Found FastRTPS: /opt/ros/foxy/include  
[1.175s] -- Using all available rosidl_typesupport_cpp: rosidl_typesupport_fastrtps_cpp;rosidl_typesupport_introspection_cpp
[1.230s] -- Found rmw_implementation_cmake: 1.0.4 (/opt/ros/foxy/share/rmw_implementation_cmake/cmake)
[1.232s] -- Using RMW implementation 'rmw_fastrtps_cpp' as default
[1.234s] -- Looking for pthread.h
[1.318s] -- Looking for pthread.h - found
[1.318s] -- Performing Test CMAKE_HAVE_LIBC_PTHREAD
[1.403s] -- Performing Test CMAKE_HAVE_LIBC_PTHREAD - Failed
[1.403s] -- Looking for pthread_create in pthreads
[1.468s] -- Looking for pthread_create in pthreads - not found
[1.468s] -- Looking for pthread_create in pthread
[1.555s] -- Looking for pthread_create in pthread - found
[1.556s] -- Found Threads: TRUE  
[1.717s] -- Found ament_lint_auto: 0.9.8 (/opt/ros/foxy/share/ament_lint_auto/cmake)
[1.799s] -- Added test 'copyright' to check source files copyright and LICENSE
[1.803s] -- Added test 'cppcheck' to perform static code analysis on C / C++ code
[1.803s] -- Configured cppcheck include dirs: 
[1.803s] -- Configured cppcheck exclude dirs and/or files: 
[1.806s] -- Added test 'cpplint' to check C / C++ code against the Google style
[1.807s] -- Configured cpplint exclude dirs and/or files: 
[1.808s] -- Added test 'lint_cmake' to check CMake code style
[1.813s] -- Added test 'uncrustify' to check C / C++ code style
[1.813s] -- Configured uncrustify additional arguments: 
[1.814s] -- Added test 'xmllint' to check XML markup files
[1.819s] -- Configuring done
[1.826s] -- Generating done
[1.828s] -- Build files have been written to: /home/usuario/Documentos/GitHub/IR2117/minmax/build/minmax
[1.834s] Invoked command in '/home/usuario/Documentos/GitHub/IR2117/minmax/build/minmax' returned '0': CMAKE_PREFIX_PATH=/opt/ros/foxy /usr/bin/cmake /home/usuario/Documentos/GitHub/IR2117/minmax -DCMAKE_INSTALL_PREFIX=/home/usuario/Documentos/GitHub/IR2117/minmax/install/minmax
[1.837s] Invoking command in '/home/usuario/Documentos/GitHub/IR2117/minmax/build/minmax': CMAKE_PREFIX_PATH=/opt/ros/foxy /usr/bin/cmake --build /home/usuario/Documentos/GitHub/IR2117/minmax/build/minmax -- -j4 -l4
[1.874s] [35m[1mScanning dependencies of target min[0m
[1.909s] [ 50%] [32mBuilding CXX object CMakeFiles/min.dir/src/min.cpp.o[0m
[6.412s] [100%] [32m[1mLinking CXX executable min[0m
[6.847s] [100%] Built target min
[6.857s] Invoked command in '/home/usuario/Documentos/GitHub/IR2117/minmax/build/minmax' returned '0': CMAKE_PREFIX_PATH=/opt/ros/foxy /usr/bin/cmake --build /home/usuario/Documentos/GitHub/IR2117/minmax/build/minmax -- -j4 -l4
[6.889s] Invoking command in '/home/usuario/Documentos/GitHub/IR2117/minmax/build/minmax': CMAKE_PREFIX_PATH=/opt/ros/foxy /usr/bin/cmake --install /home/usuario/Documentos/GitHub/IR2117/minmax/build/minmax
[6.897s] -- Install configuration: ""
[6.897s] -- Installing: /home/usuario/Documentos/GitHub/IR2117/minmax/install/minmax/lib/minmax/min
[6.899s] -- Set runtime path of "/home/usuario/Documentos/GitHub/IR2117/minmax/install/minmax/lib/minmax/min" to ""
[6.899s] -- Installing: /home/usuario/Documentos/GitHub/IR2117/minmax/install/minmax/share/ament_index/resource_index/package_run_dependencies/minmax
[6.899s] -- Installing: /home/usuario/Documentos/GitHub/IR2117/minmax/install/minmax/share/ament_index/resource_index/parent_prefix_path/minmax
[6.899s] -- Installing: /home/usuario/Documentos/GitHub/IR2117/minmax/install/minmax/share/minmax/environment/ament_prefix_path.sh
[6.900s] -- Installing: /home/usuario/Documentos/GitHub/IR2117/minmax/install/minmax/share/minmax/environment/ament_prefix_path.dsv
[6.900s] -- Installing: /home/usuario/Documentos/GitHub/IR2117/minmax/install/minmax/share/minmax/environment/path.sh
[6.901s] -- Installing: /home/usuario/Documentos/GitHub/IR2117/minmax/install/minmax/share/minmax/environment/path.dsv
[6.901s] -- Installing: /home/usuario/Documentos/GitHub/IR2117/minmax/install/minmax/share/minmax/local_setup.bash
[6.902s] -- Installing: /home/usuario/Documentos/GitHub/IR2117/minmax/install/minmax/share/minmax/local_setup.sh
[6.902s] -- Installing: /home/usuario/Documentos/GitHub/IR2117/minmax/install/minmax/share/minmax/local_setup.zsh
[6.903s] -- Installing: /home/usuario/Documentos/GitHub/IR2117/minmax/install/minmax/share/minmax/local_setup.dsv
[6.903s] -- Installing: /home/usuario/Documentos/GitHub/IR2117/minmax/install/minmax/share/minmax/package.dsv
[6.904s] -- Installing: /home/usuario/Documentos/GitHub/IR2117/minmax/install/minmax/share/ament_index/resource_index/packages/minmax
[6.904s] -- Installing: /home/usuario/Documentos/GitHub/IR2117/minmax/install/minmax/share/minmax/cmake/minmaxConfig.cmake
[6.905s] -- Installing: /home/usuario/Documentos/GitHub/IR2117/minmax/install/minmax/share/minmax/cmake/minmaxConfig-version.cmake
[6.906s] -- Installing: /home/usuario/Documentos/GitHub/IR2117/minmax/install/minmax/share/minmax/package.xml
[6.908s] Invoked command in '/home/usuario/Documentos/GitHub/IR2117/minmax/build/minmax' returned '0': CMAKE_PREFIX_PATH=/opt/ros/foxy /usr/bin/cmake --install /home/usuario/Documentos/GitHub/IR2117/minmax/build/minmax
