[3.287s] DEBUG:colcon:Command line arguments: ['/usr/bin/colcon', 'build']
[3.287s] DEBUG:colcon:Parsed command line arguments: Namespace(allow_overriding=[], ament_cmake_args=None, base_paths=['.'], build_base='build', catkin_cmake_args=None, catkin_skip_building_tests=False, cmake_args=None, cmake_clean_cache=False, cmake_clean_first=False, cmake_force_configure=False, cmake_target=None, cmake_target_skip_unavailable=False, continue_on_error=False, event_handlers=None, executor='parallel', ignore_user_meta=False, install_base='install', log_base=None, log_level=None, main=<bound method BuildVerb.main of <colcon_core.verb.build.BuildVerb object at 0x7f2037c79580>>, merge_install=False, metas=['./colcon.meta'], packages_above=None, packages_above_and_dependencies=None, packages_above_depth=None, packages_end=None, packages_ignore=None, packages_ignore_regex=None, packages_select=None, packages_select_build_failed=False, packages_select_by_dep=None, packages_select_regex=None, packages_select_test_failures=False, packages_skip=None, packages_skip_build_finished=False, packages_skip_by_dep=None, packages_skip_regex=None, packages_skip_test_passed=False, packages_skip_up_to=None, packages_start=None, packages_up_to=None, packages_up_to_regex=None, parallel_workers=4, paths=None, symlink_install=False, test_result_base=None, verb_extension=<colcon_core.verb.build.BuildVerb object at 0x7f2037c79580>, verb_name='build', verb_parser=<colcon_defaults.argument_parser.defaults.DefaultArgumentsDecorator object at 0x7f20377f9610>)
[3.422s] Level 1:colcon.colcon_core.package_discovery:discover_packages(colcon_meta) check parameters
[3.422s] Level 1:colcon.colcon_core.package_discovery:discover_packages(recursive) check parameters
[3.422s] Level 1:colcon.colcon_core.package_discovery:discover_packages(ignore) check parameters
[3.422s] Level 1:colcon.colcon_core.package_discovery:discover_packages(path) check parameters
[3.422s] Level 1:colcon.colcon_core.package_discovery:discover_packages(colcon_meta) discover
[3.422s] Level 1:colcon.colcon_core.package_discovery:discover_packages(recursive) discover
[3.422s] INFO:colcon.colcon_core.package_discovery:Crawling recursively for packages in '/home/usuario/Documentos/GitHub/IR2117/minmax'
[3.422s] Level 1:colcon.colcon_core.package_identification:_identify(.) by extensions ['ignore', 'ignore_ament_install']
[3.423s] Level 1:colcon.colcon_core.package_identification:_identify(.) by extension 'ignore'
[3.423s] Level 1:colcon.colcon_core.package_identification:_identify(.) by extension 'ignore_ament_install'
[3.423s] Level 1:colcon.colcon_core.package_identification:_identify(.) by extensions ['colcon_pkg']
[3.423s] Level 1:colcon.colcon_core.package_identification:_identify(.) by extension 'colcon_pkg'
[3.423s] Level 1:colcon.colcon_core.package_identification:_identify(.) by extensions ['colcon_meta']
[3.423s] Level 1:colcon.colcon_core.package_identification:_identify(.) by extension 'colcon_meta'
[3.423s] Level 1:colcon.colcon_core.package_identification:_identify(.) by extensions ['ros']
[3.423s] Level 1:colcon.colcon_core.package_identification:_identify(.) by extension 'ros'
[3.436s] DEBUG:colcon.colcon_core.package_identification:Package '.' with type 'ros.ament_cmake' and name 'minmax'
[3.436s] Level 1:colcon.colcon_core.package_discovery:discover_packages(recursive) using defaults
[3.437s] Level 1:colcon.colcon_core.package_discovery:discover_packages(ignore) discover
[3.437s] Level 1:colcon.colcon_core.package_discovery:discover_packages(ignore) using defaults
[3.437s] Level 1:colcon.colcon_core.package_discovery:discover_packages(path) discover
[3.437s] Level 1:colcon.colcon_core.package_discovery:discover_packages(path) using defaults
[3.733s] Level 1:colcon.colcon_core.package_discovery:discover_packages(prefix_path) check parameters
[3.733s] Level 1:colcon.colcon_core.package_discovery:discover_packages(prefix_path) discover
[3.857s] DEBUG:colcon.colcon_installed_package_information.package_discovery:Found 1 installed packages in /home/usuario/Documentos/GitHub/IR2117/minmax/install
[3.913s] DEBUG:colcon.colcon_installed_package_information.package_discovery:Found 270 installed packages in /opt/ros/foxy
[3.914s] Level 1:colcon.colcon_core.package_discovery:discover_packages(prefix_path) using defaults
[4.090s] Level 5:colcon.colcon_core.verb:set package 'minmax' build argument 'cmake_args' from command line to 'None'
[4.090s] Level 5:colcon.colcon_core.verb:set package 'minmax' build argument 'cmake_target' from command line to 'None'
[4.090s] Level 5:colcon.colcon_core.verb:set package 'minmax' build argument 'cmake_target_skip_unavailable' from command line to 'False'
[4.090s] Level 5:colcon.colcon_core.verb:set package 'minmax' build argument 'cmake_clean_cache' from command line to 'False'
[4.090s] Level 5:colcon.colcon_core.verb:set package 'minmax' build argument 'cmake_clean_first' from command line to 'False'
[4.090s] Level 5:colcon.colcon_core.verb:set package 'minmax' build argument 'cmake_force_configure' from command line to 'False'
[4.090s] Level 5:colcon.colcon_core.verb:set package 'minmax' build argument 'ament_cmake_args' from command line to 'None'
[4.090s] Level 5:colcon.colcon_core.verb:set package 'minmax' build argument 'catkin_cmake_args' from command line to 'None'
[4.090s] Level 5:colcon.colcon_core.verb:set package 'minmax' build argument 'catkin_skip_building_tests' from command line to 'False'
[4.090s] DEBUG:colcon.colcon_core.verb:Building package 'minmax' with the following arguments: {'ament_cmake_args': None, 'build_base': '/home/usuario/Documentos/GitHub/IR2117/minmax/build/minmax', 'catkin_cmake_args': None, 'catkin_skip_building_tests': False, 'cmake_args': None, 'cmake_clean_cache': False, 'cmake_clean_first': False, 'cmake_force_configure': False, 'cmake_target': None, 'cmake_target_skip_unavailable': False, 'install_base': '/home/usuario/Documentos/GitHub/IR2117/minmax/install/minmax', 'merge_install': False, 'path': '/home/usuario/Documentos/GitHub/IR2117/minmax', 'symlink_install': False, 'test_result_base': None}
[4.148s] INFO:colcon.colcon_core.executor:Executing jobs using 'parallel' executor
[4.205s] DEBUG:colcon.colcon_parallel_executor.executor.parallel:run_until_complete
[4.205s] INFO:colcon.colcon_ros.task.ament_cmake.build:Building ROS package in '/home/usuario/Documentos/GitHub/IR2117/minmax' with build type 'ament_cmake'
[4.206s] INFO:colcon.colcon_cmake.task.cmake.build:Building CMake package in '/home/usuario/Documentos/GitHub/IR2117/minmax'
[4.264s] INFO:colcon.colcon_core.plugin_system:Skipping extension 'colcon_core.shell.bat': Not used on non-Windows systems
[4.264s] INFO:colcon.colcon_core.shell:Skip shell extension 'powershell' for command environment: Not usable outside of PowerShell
[4.265s] DEBUG:colcon.colcon_core.shell:Skip shell extension 'dsv' for command environment
[4.458s] DEBUG:colcon.colcon_core.event_handler.log_command:Invoking command in '/home/usuario/Documentos/GitHub/IR2117/minmax/build/minmax': CMAKE_PREFIX_PATH=${CMAKE_PREFIX_PATH}:/opt/ros/foxy /usr/bin/cmake --build /home/usuario/Documentos/GitHub/IR2117/minmax/build/minmax -- -j4 -l4
[10.755s] DEBUG:colcon.colcon_core.event_handler.log_command:Invoked command in '/home/usuario/Documentos/GitHub/IR2117/minmax/build/minmax' returned '0': CMAKE_PREFIX_PATH=${CMAKE_PREFIX_PATH}:/opt/ros/foxy /usr/bin/cmake --build /home/usuario/Documentos/GitHub/IR2117/minmax/build/minmax -- -j4 -l4
[10.790s] DEBUG:colcon.colcon_core.event_handler.log_command:Invoking command in '/home/usuario/Documentos/GitHub/IR2117/minmax/build/minmax': CMAKE_PREFIX_PATH=${CMAKE_PREFIX_PATH}:/opt/ros/foxy /usr/bin/cmake --install /home/usuario/Documentos/GitHub/IR2117/minmax/build/minmax
[10.806s] Level 1:colcon.colcon_core.environment:create_environment_scripts_only(minmax)
[10.806s] DEBUG:colcon.colcon_core.event_handler.log_command:Invoked command in '/home/usuario/Documentos/GitHub/IR2117/minmax/build/minmax' returned '0': CMAKE_PREFIX_PATH=${CMAKE_PREFIX_PATH}:/opt/ros/foxy /usr/bin/cmake --install /home/usuario/Documentos/GitHub/IR2117/minmax/build/minmax
[10.867s] Level 1:colcon.colcon_core.environment:checking '/home/usuario/Documentos/GitHub/IR2117/minmax/install/minmax' for CMake module files
[10.867s] Level 1:colcon.colcon_core.environment:checking '/home/usuario/Documentos/GitHub/IR2117/minmax/install/minmax' for CMake config files
[10.868s] Level 1:colcon.colcon_core.shell:create_environment_hook('minmax', 'cmake_prefix_path')
[10.924s] INFO:colcon.colcon_core.shell:Creating environment hook '/home/usuario/Documentos/GitHub/IR2117/minmax/install/minmax/share/minmax/hook/cmake_prefix_path.ps1'
[10.925s] INFO:colcon.colcon_core.shell:Creating environment descriptor '/home/usuario/Documentos/GitHub/IR2117/minmax/install/minmax/share/minmax/hook/cmake_prefix_path.dsv'
[10.926s] INFO:colcon.colcon_core.shell:Creating environment hook '/home/usuario/Documentos/GitHub/IR2117/minmax/install/minmax/share/minmax/hook/cmake_prefix_path.sh'
[10.927s] Level 1:colcon.colcon_core.environment:checking '/home/usuario/Documentos/GitHub/IR2117/minmax/install/minmax/lib'
[10.927s] Level 1:colcon.colcon_core.environment:checking '/home/usuario/Documentos/GitHub/IR2117/minmax/install/minmax/bin'
[10.927s] Level 1:colcon.colcon_core.environment:checking '/home/usuario/Documentos/GitHub/IR2117/minmax/install/minmax/lib/pkgconfig/minmax.pc'
[10.927s] Level 1:colcon.colcon_core.environment:checking '/home/usuario/Documentos/GitHub/IR2117/minmax/install/minmax/lib/python3.8/site-packages'
[10.928s] Level 1:colcon.colcon_core.environment:checking '/home/usuario/Documentos/GitHub/IR2117/minmax/install/minmax/bin'
[10.984s] INFO:colcon.colcon_core.shell:Creating package script '/home/usuario/Documentos/GitHub/IR2117/minmax/install/minmax/share/minmax/package.ps1'
[10.985s] INFO:colcon.colcon_core.shell:Creating package descriptor '/home/usuario/Documentos/GitHub/IR2117/minmax/install/minmax/share/minmax/package.dsv'
[10.985s] INFO:colcon.colcon_core.shell:Creating package script '/home/usuario/Documentos/GitHub/IR2117/minmax/install/minmax/share/minmax/package.sh'
[10.986s] INFO:colcon.colcon_core.shell:Creating package script '/home/usuario/Documentos/GitHub/IR2117/minmax/install/minmax/share/minmax/package.bash'
[10.987s] INFO:colcon.colcon_core.shell:Creating package script '/home/usuario/Documentos/GitHub/IR2117/minmax/install/minmax/share/minmax/package.zsh'
[10.987s] Level 1:colcon.colcon_core.environment:create_file_with_runtime_dependencies(/home/usuario/Documentos/GitHub/IR2117/minmax/install/minmax/share/colcon-core/packages/minmax)
[11.069s] Level 1:colcon.colcon_core.environment:create_environment_scripts_only(minmax)
[11.125s] Level 1:colcon.colcon_core.environment:checking '/home/usuario/Documentos/GitHub/IR2117/minmax/install/minmax' for CMake module files
[11.125s] Level 1:colcon.colcon_core.environment:checking '/home/usuario/Documentos/GitHub/IR2117/minmax/install/minmax' for CMake config files
[11.126s] Level 1:colcon.colcon_core.shell:create_environment_hook('minmax', 'cmake_prefix_path')
[11.182s] INFO:colcon.colcon_core.shell:Creating environment hook '/home/usuario/Documentos/GitHub/IR2117/minmax/install/minmax/share/minmax/hook/cmake_prefix_path.ps1'
[11.183s] INFO:colcon.colcon_core.shell:Creating environment descriptor '/home/usuario/Documentos/GitHub/IR2117/minmax/install/minmax/share/minmax/hook/cmake_prefix_path.dsv'
[11.184s] INFO:colcon.colcon_core.shell:Creating environment hook '/home/usuario/Documentos/GitHub/IR2117/minmax/install/minmax/share/minmax/hook/cmake_prefix_path.sh'
[11.184s] Level 1:colcon.colcon_core.environment:checking '/home/usuario/Documentos/GitHub/IR2117/minmax/install/minmax/lib'
[11.185s] Level 1:colcon.colcon_core.environment:checking '/home/usuario/Documentos/GitHub/IR2117/minmax/install/minmax/bin'
[11.185s] Level 1:colcon.colcon_core.environment:checking '/home/usuario/Documentos/GitHub/IR2117/minmax/install/minmax/lib/pkgconfig/minmax.pc'
[11.185s] Level 1:colcon.colcon_core.environment:checking '/home/usuario/Documentos/GitHub/IR2117/minmax/install/minmax/lib/python3.8/site-packages'
[11.185s] Level 1:colcon.colcon_core.environment:checking '/home/usuario/Documentos/GitHub/IR2117/minmax/install/minmax/bin'
[11.242s] INFO:colcon.colcon_core.shell:Creating package script '/home/usuario/Documentos/GitHub/IR2117/minmax/install/minmax/share/minmax/package.ps1'
[11.242s] INFO:colcon.colcon_core.shell:Creating package descriptor '/home/usuario/Documentos/GitHub/IR2117/minmax/install/minmax/share/minmax/package.dsv'
[11.243s] INFO:colcon.colcon_core.shell:Creating package script '/home/usuario/Documentos/GitHub/IR2117/minmax/install/minmax/share/minmax/package.sh'
[11.243s] INFO:colcon.colcon_core.shell:Creating package script '/home/usuario/Documentos/GitHub/IR2117/minmax/install/minmax/share/minmax/package.bash'
[11.243s] INFO:colcon.colcon_core.shell:Creating package script '/home/usuario/Documentos/GitHub/IR2117/minmax/install/minmax/share/minmax/package.zsh'
[11.244s] Level 1:colcon.colcon_core.environment:create_file_with_runtime_dependencies(/home/usuario/Documentos/GitHub/IR2117/minmax/install/minmax/share/colcon-core/packages/minmax)
[11.244s] DEBUG:colcon.colcon_parallel_executor.executor.parallel:closing loop
[11.245s] DEBUG:colcon.colcon_parallel_executor.executor.parallel:loop closed
[11.245s] DEBUG:colcon.colcon_parallel_executor.executor.parallel:run_until_complete finished with '0'
[11.245s] DEBUG:colcon.colcon_core.event_reactor:joining thread
[11.309s] INFO:colcon.colcon_core.plugin_system:Skipping extension 'colcon_notification.desktop_notification.terminal_notifier': Not used on non-Darwin systems
[11.309s] INFO:colcon.colcon_core.plugin_system:Skipping extension 'colcon_notification.desktop_notification.win32': Not used on non-Windows systems
[11.309s] INFO:colcon.colcon_notification.desktop_notification:Sending desktop notification using 'notify2'
[11.323s] DEBUG:colcon.colcon_core.event_reactor:joined thread
[11.381s] INFO:colcon.colcon_core.shell:Creating prefix script '/home/usuario/Documentos/GitHub/IR2117/minmax/install/local_setup.ps1'
[11.382s] INFO:colcon.colcon_core.shell:Creating prefix util module '/home/usuario/Documentos/GitHub/IR2117/minmax/install/_local_setup_util_ps1.py'
[11.384s] INFO:colcon.colcon_core.shell:Creating prefix chain script '/home/usuario/Documentos/GitHub/IR2117/minmax/install/setup.ps1'
[11.442s] INFO:colcon.colcon_core.shell:Creating prefix script '/home/usuario/Documentos/GitHub/IR2117/minmax/install/local_setup.sh'
[11.443s] INFO:colcon.colcon_core.shell:Creating prefix util module '/home/usuario/Documentos/GitHub/IR2117/minmax/install/_local_setup_util_sh.py'
[11.444s] INFO:colcon.colcon_core.shell:Creating prefix chain script '/home/usuario/Documentos/GitHub/IR2117/minmax/install/setup.sh'
[11.502s] INFO:colcon.colcon_core.shell:Creating prefix script '/home/usuario/Documentos/GitHub/IR2117/minmax/install/local_setup.bash'
[11.502s] INFO:colcon.colcon_core.shell:Creating prefix chain script '/home/usuario/Documentos/GitHub/IR2117/minmax/install/setup.bash'
[11.560s] INFO:colcon.colcon_core.shell:Creating prefix script '/home/usuario/Documentos/GitHub/IR2117/minmax/install/local_setup.zsh'
[11.561s] INFO:colcon.colcon_core.shell:Creating prefix chain script '/home/usuario/Documentos/GitHub/IR2117/minmax/install/setup.zsh'
