[3.252s] DEBUG:colcon:Command line arguments: ['/usr/bin/colcon', 'build']
[3.252s] DEBUG:colcon:Parsed command line arguments: Namespace(allow_overriding=[], ament_cmake_args=None, base_paths=['.'], build_base='build', catkin_cmake_args=None, catkin_skip_building_tests=False, cmake_args=None, cmake_clean_cache=False, cmake_clean_first=False, cmake_force_configure=False, cmake_target=None, cmake_target_skip_unavailable=False, continue_on_error=False, event_handlers=None, executor='parallel', ignore_user_meta=False, install_base='install', log_base=None, log_level=None, main=<bound method BuildVerb.main of <colcon_core.verb.build.BuildVerb object at 0x7f0528403580>>, merge_install=False, metas=['./colcon.meta'], packages_above=None, packages_above_and_dependencies=None, packages_above_depth=None, packages_end=None, packages_ignore=None, packages_ignore_regex=None, packages_select=None, packages_select_build_failed=False, packages_select_by_dep=None, packages_select_regex=None, packages_select_test_failures=False, packages_skip=None, packages_skip_build_finished=False, packages_skip_by_dep=None, packages_skip_regex=None, packages_skip_test_passed=False, packages_skip_up_to=None, packages_start=None, packages_up_to=None, packages_up_to_regex=None, parallel_workers=4, paths=None, symlink_install=False, test_result_base=None, verb_extension=<colcon_core.verb.build.BuildVerb object at 0x7f0528403580>, verb_name='build', verb_parser=<colcon_defaults.argument_parser.defaults.DefaultArgumentsDecorator object at 0x7f05280010d0>)
[3.383s] Level 1:colcon.colcon_core.package_discovery:discover_packages(colcon_meta) check parameters
[3.383s] Level 1:colcon.colcon_core.package_discovery:discover_packages(recursive) check parameters
[3.383s] Level 1:colcon.colcon_core.package_discovery:discover_packages(ignore) check parameters
[3.383s] Level 1:colcon.colcon_core.package_discovery:discover_packages(path) check parameters
[3.383s] Level 1:colcon.colcon_core.package_discovery:discover_packages(colcon_meta) discover
[3.383s] Level 1:colcon.colcon_core.package_discovery:discover_packages(recursive) discover
[3.383s] INFO:colcon.colcon_core.package_discovery:Crawling recursively for packages in '/home/usuario/Documentos/GitHub/IR2117/minmax'
[3.383s] Level 1:colcon.colcon_core.package_identification:_identify(.) by extensions ['ignore', 'ignore_ament_install']
[3.384s] Level 1:colcon.colcon_core.package_identification:_identify(.) by extension 'ignore'
[3.384s] Level 1:colcon.colcon_core.package_identification:_identify(.) by extension 'ignore_ament_install'
[3.384s] Level 1:colcon.colcon_core.package_identification:_identify(.) by extensions ['colcon_pkg']
[3.384s] Level 1:colcon.colcon_core.package_identification:_identify(.) by extension 'colcon_pkg'
[3.384s] Level 1:colcon.colcon_core.package_identification:_identify(.) by extensions ['colcon_meta']
[3.384s] Level 1:colcon.colcon_core.package_identification:_identify(.) by extension 'colcon_meta'
[3.384s] Level 1:colcon.colcon_core.package_identification:_identify(.) by extensions ['ros']
[3.384s] Level 1:colcon.colcon_core.package_identification:_identify(.) by extension 'ros'
[3.397s] DEBUG:colcon.colcon_core.package_identification:Package '.' with type 'ros.ament_cmake' and name 'minmax'
[3.397s] Level 1:colcon.colcon_core.package_discovery:discover_packages(recursive) using defaults
[3.397s] Level 1:colcon.colcon_core.package_discovery:discover_packages(ignore) discover
[3.397s] Level 1:colcon.colcon_core.package_discovery:discover_packages(ignore) using defaults
[3.397s] Level 1:colcon.colcon_core.package_discovery:discover_packages(path) discover
[3.397s] Level 1:colcon.colcon_core.package_discovery:discover_packages(path) using defaults
[3.689s] Level 1:colcon.colcon_core.package_discovery:discover_packages(prefix_path) check parameters
[3.689s] Level 1:colcon.colcon_core.package_discovery:discover_packages(prefix_path) discover
[3.811s] DEBUG:colcon.colcon_installed_package_information.package_discovery:Found 1 installed packages in /home/usuario/Documentos/GitHub/IR2117/minmax/install
[3.867s] DEBUG:colcon.colcon_installed_package_information.package_discovery:Found 270 installed packages in /opt/ros/foxy
[3.869s] Level 1:colcon.colcon_core.package_discovery:discover_packages(prefix_path) using defaults
[4.043s] Level 5:colcon.colcon_core.verb:set package 'minmax' build argument 'cmake_args' from command line to 'None'
[4.043s] Level 5:colcon.colcon_core.verb:set package 'minmax' build argument 'cmake_target' from command line to 'None'
[4.043s] Level 5:colcon.colcon_core.verb:set package 'minmax' build argument 'cmake_target_skip_unavailable' from command line to 'False'
[4.043s] Level 5:colcon.colcon_core.verb:set package 'minmax' build argument 'cmake_clean_cache' from command line to 'False'
[4.043s] Level 5:colcon.colcon_core.verb:set package 'minmax' build argument 'cmake_clean_first' from command line to 'False'
[4.043s] Level 5:colcon.colcon_core.verb:set package 'minmax' build argument 'cmake_force_configure' from command line to 'False'
[4.043s] Level 5:colcon.colcon_core.verb:set package 'minmax' build argument 'ament_cmake_args' from command line to 'None'
[4.043s] Level 5:colcon.colcon_core.verb:set package 'minmax' build argument 'catkin_cmake_args' from command line to 'None'
[4.043s] Level 5:colcon.colcon_core.verb:set package 'minmax' build argument 'catkin_skip_building_tests' from command line to 'False'
[4.043s] DEBUG:colcon.colcon_core.verb:Building package 'minmax' with the following arguments: {'ament_cmake_args': None, 'build_base': '/home/usuario/Documentos/GitHub/IR2117/minmax/build/minmax', 'catkin_cmake_args': None, 'catkin_skip_building_tests': False, 'cmake_args': None, 'cmake_clean_cache': False, 'cmake_clean_first': False, 'cmake_force_configure': False, 'cmake_target': None, 'cmake_target_skip_unavailable': False, 'install_base': '/home/usuario/Documentos/GitHub/IR2117/minmax/install/minmax', 'merge_install': False, 'path': '/home/usuario/Documentos/GitHub/IR2117/minmax', 'symlink_install': False, 'test_result_base': None}
[4.101s] INFO:colcon.colcon_core.executor:Executing jobs using 'parallel' executor
[4.159s] DEBUG:colcon.colcon_parallel_executor.executor.parallel:run_until_complete
[4.160s] INFO:colcon.colcon_ros.task.ament_cmake.build:Building ROS package in '/home/usuario/Documentos/GitHub/IR2117/minmax' with build type 'ament_cmake'
[4.160s] INFO:colcon.colcon_cmake.task.cmake.build:Building CMake package in '/home/usuario/Documentos/GitHub/IR2117/minmax'
[4.219s] INFO:colcon.colcon_core.plugin_system:Skipping extension 'colcon_core.shell.bat': Not used on non-Windows systems
[4.219s] INFO:colcon.colcon_core.shell:Skip shell extension 'powershell' for command environment: Not usable outside of PowerShell
[4.220s] DEBUG:colcon.colcon_core.shell:Skip shell extension 'dsv' for command environment
[4.413s] DEBUG:colcon.colcon_core.event_handler.log_command:Invoking command in '/home/usuario/Documentos/GitHub/IR2117/minmax/build/minmax': CMAKE_PREFIX_PATH=${CMAKE_PREFIX_PATH}:/opt/ros/foxy /usr/bin/cmake --build /home/usuario/Documentos/GitHub/IR2117/minmax/build/minmax -- -j4 -l4
[9.436s] DEBUG:colcon.colcon_core.event_handler.log_command:Invoked command in '/home/usuario/Documentos/GitHub/IR2117/minmax/build/minmax' returned '0': CMAKE_PREFIX_PATH=${CMAKE_PREFIX_PATH}:/opt/ros/foxy /usr/bin/cmake --build /home/usuario/Documentos/GitHub/IR2117/minmax/build/minmax -- -j4 -l4
[9.468s] DEBUG:colcon.colcon_core.event_handler.log_command:Invoking command in '/home/usuario/Documentos/GitHub/IR2117/minmax/build/minmax': CMAKE_PREFIX_PATH=${CMAKE_PREFIX_PATH}:/opt/ros/foxy /usr/bin/cmake --install /home/usuario/Documentos/GitHub/IR2117/minmax/build/minmax
[9.480s] Level 1:colcon.colcon_core.environment:create_environment_scripts_only(minmax)
[9.481s] DEBUG:colcon.colcon_core.event_handler.log_command:Invoked command in '/home/usuario/Documentos/GitHub/IR2117/minmax/build/minmax' returned '0': CMAKE_PREFIX_PATH=${CMAKE_PREFIX_PATH}:/opt/ros/foxy /usr/bin/cmake --install /home/usuario/Documentos/GitHub/IR2117/minmax/build/minmax
[9.540s] Level 1:colcon.colcon_core.environment:checking '/home/usuario/Documentos/GitHub/IR2117/minmax/install/minmax' for CMake module files
[9.541s] Level 1:colcon.colcon_core.environment:checking '/home/usuario/Documentos/GitHub/IR2117/minmax/install/minmax' for CMake config files
[9.541s] Level 1:colcon.colcon_core.shell:create_environment_hook('minmax', 'cmake_prefix_path')
[9.598s] INFO:colcon.colcon_core.shell:Creating environment hook '/home/usuario/Documentos/GitHub/IR2117/minmax/install/minmax/share/minmax/hook/cmake_prefix_path.ps1'
[9.599s] INFO:colcon.colcon_core.shell:Creating environment descriptor '/home/usuario/Documentos/GitHub/IR2117/minmax/install/minmax/share/minmax/hook/cmake_prefix_path.dsv'
[9.600s] INFO:colcon.colcon_core.shell:Creating environment hook '/home/usuario/Documentos/GitHub/IR2117/minmax/install/minmax/share/minmax/hook/cmake_prefix_path.sh'
[9.601s] Level 1:colcon.colcon_core.environment:checking '/home/usuario/Documentos/GitHub/IR2117/minmax/install/minmax/lib'
[9.601s] Level 1:colcon.colcon_core.environment:checking '/home/usuario/Documentos/GitHub/IR2117/minmax/install/minmax/bin'
[9.601s] Level 1:colcon.colcon_core.environment:checking '/home/usuario/Documentos/GitHub/IR2117/minmax/install/minmax/lib/pkgconfig/minmax.pc'
[9.601s] Level 1:colcon.colcon_core.environment:checking '/home/usuario/Documentos/GitHub/IR2117/minmax/install/minmax/lib/python3.8/site-packages'
[9.602s] Level 1:colcon.colcon_core.environment:checking '/home/usuario/Documentos/GitHub/IR2117/minmax/install/minmax/bin'
[9.658s] INFO:colcon.colcon_core.shell:Creating package script '/home/usuario/Documentos/GitHub/IR2117/minmax/install/minmax/share/minmax/package.ps1'
[9.659s] INFO:colcon.colcon_core.shell:Creating package descriptor '/home/usuario/Documentos/GitHub/IR2117/minmax/install/minmax/share/minmax/package.dsv'
[9.660s] INFO:colcon.colcon_core.shell:Creating package script '/home/usuario/Documentos/GitHub/IR2117/minmax/install/minmax/share/minmax/package.sh'
[9.660s] INFO:colcon.colcon_core.shell:Creating package script '/home/usuario/Documentos/GitHub/IR2117/minmax/install/minmax/share/minmax/package.bash'
[9.661s] INFO:colcon.colcon_core.shell:Creating package script '/home/usuario/Documentos/GitHub/IR2117/minmax/install/minmax/share/minmax/package.zsh'
[9.661s] Level 1:colcon.colcon_core.environment:create_file_with_runtime_dependencies(/home/usuario/Documentos/GitHub/IR2117/minmax/install/minmax/share/colcon-core/packages/minmax)
[9.744s] Level 1:colcon.colcon_core.environment:create_environment_scripts_only(minmax)
[9.800s] Level 1:colcon.colcon_core.environment:checking '/home/usuario/Documentos/GitHub/IR2117/minmax/install/minmax' for CMake module files
[9.801s] Level 1:colcon.colcon_core.environment:checking '/home/usuario/Documentos/GitHub/IR2117/minmax/install/minmax' for CMake config files
[9.801s] Level 1:colcon.colcon_core.shell:create_environment_hook('minmax', 'cmake_prefix_path')
[9.857s] INFO:colcon.colcon_core.shell:Creating environment hook '/home/usuario/Documentos/GitHub/IR2117/minmax/install/minmax/share/minmax/hook/cmake_prefix_path.ps1'
[9.858s] INFO:colcon.colcon_core.shell:Creating environment descriptor '/home/usuario/Documentos/GitHub/IR2117/minmax/install/minmax/share/minmax/hook/cmake_prefix_path.dsv'
[9.858s] INFO:colcon.colcon_core.shell:Creating environment hook '/home/usuario/Documentos/GitHub/IR2117/minmax/install/minmax/share/minmax/hook/cmake_prefix_path.sh'
[9.859s] Level 1:colcon.colcon_core.environment:checking '/home/usuario/Documentos/GitHub/IR2117/minmax/install/minmax/lib'
[9.859s] Level 1:colcon.colcon_core.environment:checking '/home/usuario/Documentos/GitHub/IR2117/minmax/install/minmax/bin'
[9.859s] Level 1:colcon.colcon_core.environment:checking '/home/usuario/Documentos/GitHub/IR2117/minmax/install/minmax/lib/pkgconfig/minmax.pc'
[9.859s] Level 1:colcon.colcon_core.environment:checking '/home/usuario/Documentos/GitHub/IR2117/minmax/install/minmax/lib/python3.8/site-packages'
[9.859s] Level 1:colcon.colcon_core.environment:checking '/home/usuario/Documentos/GitHub/IR2117/minmax/install/minmax/bin'
[9.916s] INFO:colcon.colcon_core.shell:Creating package script '/home/usuario/Documentos/GitHub/IR2117/minmax/install/minmax/share/minmax/package.ps1'
[9.917s] INFO:colcon.colcon_core.shell:Creating package descriptor '/home/usuario/Documentos/GitHub/IR2117/minmax/install/minmax/share/minmax/package.dsv'
[9.917s] INFO:colcon.colcon_core.shell:Creating package script '/home/usuario/Documentos/GitHub/IR2117/minmax/install/minmax/share/minmax/package.sh'
[9.918s] INFO:colcon.colcon_core.shell:Creating package script '/home/usuario/Documentos/GitHub/IR2117/minmax/install/minmax/share/minmax/package.bash'
[9.918s] INFO:colcon.colcon_core.shell:Creating package script '/home/usuario/Documentos/GitHub/IR2117/minmax/install/minmax/share/minmax/package.zsh'
[9.918s] Level 1:colcon.colcon_core.environment:create_file_with_runtime_dependencies(/home/usuario/Documentos/GitHub/IR2117/minmax/install/minmax/share/colcon-core/packages/minmax)
[9.919s] DEBUG:colcon.colcon_parallel_executor.executor.parallel:closing loop
[9.919s] DEBUG:colcon.colcon_parallel_executor.executor.parallel:loop closed
[9.919s] DEBUG:colcon.colcon_parallel_executor.executor.parallel:run_until_complete finished with '0'
[9.919s] DEBUG:colcon.colcon_core.event_reactor:joining thread
[9.981s] INFO:colcon.colcon_core.plugin_system:Skipping extension 'colcon_notification.desktop_notification.terminal_notifier': Not used on non-Darwin systems
[9.982s] INFO:colcon.colcon_core.plugin_system:Skipping extension 'colcon_notification.desktop_notification.win32': Not used on non-Windows systems
[9.982s] INFO:colcon.colcon_notification.desktop_notification:Sending desktop notification using 'notify2'
[9.995s] DEBUG:colcon.colcon_core.event_reactor:joined thread
[10.053s] INFO:colcon.colcon_core.shell:Creating prefix script '/home/usuario/Documentos/GitHub/IR2117/minmax/install/local_setup.ps1'
[10.055s] INFO:colcon.colcon_core.shell:Creating prefix util module '/home/usuario/Documentos/GitHub/IR2117/minmax/install/_local_setup_util_ps1.py'
[10.056s] INFO:colcon.colcon_core.shell:Creating prefix chain script '/home/usuario/Documentos/GitHub/IR2117/minmax/install/setup.ps1'
[10.113s] INFO:colcon.colcon_core.shell:Creating prefix script '/home/usuario/Documentos/GitHub/IR2117/minmax/install/local_setup.sh'
[10.114s] INFO:colcon.colcon_core.shell:Creating prefix util module '/home/usuario/Documentos/GitHub/IR2117/minmax/install/_local_setup_util_sh.py'
[10.115s] INFO:colcon.colcon_core.shell:Creating prefix chain script '/home/usuario/Documentos/GitHub/IR2117/minmax/install/setup.sh'
[10.174s] INFO:colcon.colcon_core.shell:Creating prefix script '/home/usuario/Documentos/GitHub/IR2117/minmax/install/local_setup.bash'
[10.174s] INFO:colcon.colcon_core.shell:Creating prefix chain script '/home/usuario/Documentos/GitHub/IR2117/minmax/install/setup.bash'
[10.232s] INFO:colcon.colcon_core.shell:Creating prefix script '/home/usuario/Documentos/GitHub/IR2117/minmax/install/local_setup.zsh'
[10.233s] INFO:colcon.colcon_core.shell:Creating prefix chain script '/home/usuario/Documentos/GitHub/IR2117/minmax/install/setup.zsh'
